c:\users\pierre-olivier\documents\visual studio 2015\projects\jokengine\jokengine\release\vc140.pdb
c:\users\pierre-olivier\documents\visual studio 2015\projects\jokengine\jokengine\release\jobject.obj
c:\users\pierre-olivier\documents\visual studio 2015\projects\jokengine\jokengine\release\inputreader.obj
c:\users\pierre-olivier\documents\visual studio 2015\projects\jokengine\jokengine\release\gameroom.obj
c:\users\pierre-olivier\documents\visual studio 2015\projects\jokengine\jokengine\release\gameobject.obj
c:\users\pierre-olivier\documents\visual studio 2015\projects\jokengine\jokengine\release\game.obj
c:\users\pierre-olivier\documents\visual studio 2015\projects\jokengine\jokengine\release\contactlistener.obj
c:\users\pierre-olivier\documents\visual studio 2015\projects\jokengine\jokengine\release\component.obj
c:\users\pierre-olivier\documents\visual studio 2015\projects\jokengine\jokengine\release\collision.obj
c:\users\pierre-olivier\documents\visual studio 2015\projects\jokengine\jokengine\release\collider.obj
c:\users\pierre-olivier\documents\visual studio 2015\projects\jokengine\jokengine\release\clock.obj
c:\users\pierre-olivier\documents\visual studio 2015\projects\jokengine\jokengine\release\circlecollider.obj
c:\users\pierre-olivier\documents\visual studio 2015\projects\jokengine\jokengine\release\charactercontroller.obj
c:\users\pierre-olivier\documents\visual studio 2015\projects\jokengine\jokengine\release\camerahandler.obj
c:\users\pierre-olivier\documents\visual studio 2015\projects\jokengine\jokengine\release\camera.obj
c:\users\pierre-olivier\documents\visual studio 2015\projects\jokengine\jokengine\release\boxcollider.obj
c:\users\pierre-olivier\documents\visual studio 2015\projects\jokengine\jokengine\release\audiosource.obj
c:\users\pierre-olivier\documents\visual studio 2015\projects\jokengine\jokengine\release\audiofile.obj
c:\users\pierre-olivier\documents\visual studio 2015\projects\jokengine\jokengine\release\audio.obj
c:\users\pierre-olivier\documents\visual studio 2015\projects\jokengine\jokengine\release\animationframe.obj
c:\users\pierre-olivier\documents\visual studio 2015\projects\jokengine\jokengine\release\animation.obj
c:\users\pierre-olivier\documents\visual studio 2015\projects\jokengine\jokengine\release\textui.obj
c:\users\pierre-olivier\documents\visual studio 2015\projects\jokengine\jokengine\release\textrenderer.obj
c:\users\pierre-olivier\documents\visual studio 2015\projects\jokengine\jokengine\release\spritesheet.obj
c:\users\pierre-olivier\documents\visual studio 2015\projects\jokengine\jokengine\release\spriterenderer.obj
c:\users\pierre-olivier\documents\visual studio 2015\projects\jokengine\jokengine\release\spritedrawable.obj
c:\users\pierre-olivier\documents\visual studio 2015\projects\jokengine\jokengine\release\spriteanimator.obj
c:\users\pierre-olivier\documents\visual studio 2015\projects\jokengine\jokengine\release\sprite.obj
c:\users\pierre-olivier\documents\visual studio 2015\projects\jokengine\jokengine\release\source.obj
c:\users\pierre-olivier\documents\visual studio 2015\projects\jokengine\jokengine\release\shader.obj
c:\users\pierre-olivier\documents\visual studio 2015\projects\jokengine\jokengine\release\resource_manager.obj
c:\users\pierre-olivier\documents\visual studio 2015\projects\jokengine\jokengine\release\raycastlistener.obj
c:\users\pierre-olivier\documents\visual studio 2015\projects\jokengine\jokengine\release\raycasthit.obj
c:\users\pierre-olivier\documents\visual studio 2015\projects\jokengine\jokengine\release\raycastalllistener.obj
c:\users\pierre-olivier\documents\visual studio 2015\projects\jokengine\jokengine\release\physicsdebug.obj
c:\users\pierre-olivier\documents\visual studio 2015\projects\jokengine\jokengine\release\physics.obj
c:\users\pierre-olivier\documents\visual studio 2015\projects\jokengine\jokengine\release\physicbody.obj
c:\users\pierre-olivier\documents\visual studio 2015\projects\jokengine\jokengine\release\physiclayer.obj
c:\users\pierre-olivier\documents\visual studio 2015\projects\jokengine\jokengine\release\joust.obj
c:\users\pierre-olivier\documents\visual studio 2015\projects\jokengine\jokengine\release\gamemanager.obj
c:\users\pierre-olivier\documents\visual studio 2015\projects\jokengine\jokengine\release\blinkingobject.obj
c:\users\pierre-olivier\documents\visual studio 2015\projects\jokengine\jokengine\release\texture.obj
c:\users\pierre-olivier\documents\jokengine\jokengine\jokengine\release\vc140.pdb
c:\users\pierre-olivier\documents\jokengine\jokengine\jokengine\release\source.obj
c:\users\pierre-olivier\documents\jokengine\jokengine\jokengine\release\physiclayer.obj
c:\users\pierre-olivier\documents\jokengine\jokengine\jokengine\release\inputreader.obj
c:\users\pierre-olivier\documents\jokengine\jokengine\jokengine\release\inputbox.obj
c:\users\pierre-olivier\documents\jokengine\jokengine\jokengine\release\gameroom.obj
c:\users\pierre-olivier\documents\jokengine\jokengine\jokengine\release\gameobject.obj
c:\users\pierre-olivier\documents\jokengine\jokengine\jokengine\release\game.obj
c:\users\pierre-olivier\documents\jokengine\jokengine\jokengine\release\contactlistener.obj
c:\users\pierre-olivier\documents\jokengine\jokengine\jokengine\release\component.obj
c:\users\pierre-olivier\documents\jokengine\jokengine\jokengine\release\collision.obj
c:\users\pierre-olivier\documents\jokengine\jokengine\jokengine\release\collider.obj
c:\users\pierre-olivier\documents\jokengine\jokengine\jokengine\release\clock.obj
c:\users\pierre-olivier\documents\jokengine\jokengine\jokengine\release\circlecollider.obj
c:\users\pierre-olivier\documents\jokengine\jokengine\jokengine\release\charactercontroller.obj
c:\users\pierre-olivier\documents\jokengine\jokengine\jokengine\release\camerahandler.obj
c:\users\pierre-olivier\documents\jokengine\jokengine\jokengine\release\camera.obj
c:\users\pierre-olivier\documents\jokengine\jokengine\jokengine\release\boxcollider.obj
c:\users\pierre-olivier\documents\jokengine\jokengine\jokengine\release\audiosource.obj
c:\users\pierre-olivier\documents\jokengine\jokengine\jokengine\release\audiofile.obj
c:\users\pierre-olivier\documents\jokengine\jokengine\jokengine\release\audio.obj
c:\users\pierre-olivier\documents\jokengine\jokengine\jokengine\release\animationframe.obj
c:\users\pierre-olivier\documents\jokengine\jokengine\jokengine\release\animation.obj
c:\users\pierre-olivier\documents\jokengine\jokengine\jokengine\release\stopwalkingcommand.obj
c:\users\pierre-olivier\documents\jokengine\jokengine\jokengine\release\scoretext.obj
c:\users\pierre-olivier\documents\jokengine\jokengine\jokengine\release\scoreboard.obj
c:\users\pierre-olivier\documents\jokengine\jokengine\jokengine\release\playerknight.obj
c:\users\pierre-olivier\documents\jokengine\jokengine\jokengine\release\moverightcommand.obj
c:\users\pierre-olivier\documents\jokengine\jokengine\jokengine\release\moveleftcommand.obj
c:\users\pierre-olivier\documents\jokengine\jokengine\jokengine\release\leaderboard.obj
c:\users\pierre-olivier\documents\jokengine\jokengine\jokengine\release\lava.obj
c:\users\pierre-olivier\documents\jokengine\jokengine\jokengine\release\knightai.obj
c:\users\pierre-olivier\documents\jokengine\jokengine\jokengine\release\knight.obj
c:\users\pierre-olivier\documents\jokengine\jokengine\jokengine\release\jumpcommand.obj
c:\users\pierre-olivier\documents\jokengine\jokengine\jokengine\release\joust.obj
c:\users\pierre-olivier\documents\jokengine\jokengine\jokengine\release\inputhandler.obj
c:\users\pierre-olivier\documents\jokengine\jokengine\jokengine\release\gamemanager.obj
c:\users\pierre-olivier\documents\jokengine\jokengine\jokengine\release\fadeouthelper.obj
c:\users\pierre-olivier\documents\jokengine\jokengine\jokengine\release\enemymanager.obj
c:\users\pierre-olivier\documents\jokengine\jokengine\jokengine\release\enemyknight.obj
c:\users\pierre-olivier\documents\jokengine\jokengine\jokengine\release\enemyegg.obj
c:\users\pierre-olivier\documents\jokengine\jokengine\jokengine\release\blinkingobject.obj
c:\users\pierre-olivier\documents\jokengine\jokengine\jokengine\release\jobject.obj
c:\users\pierre-olivier\documents\jokengine\jokengine\jokengine\release\texture.obj
c:\users\pierre-olivier\documents\jokengine\jokengine\jokengine\release\textui.obj
c:\users\pierre-olivier\documents\jokengine\jokengine\jokengine\release\textrenderer.obj
c:\users\pierre-olivier\documents\jokengine\jokengine\jokengine\release\spritesheet.obj
c:\users\pierre-olivier\documents\jokengine\jokengine\jokengine\release\spriterenderer.obj
c:\users\pierre-olivier\documents\jokengine\jokengine\jokengine\release\spritedrawable.obj
c:\users\pierre-olivier\documents\jokengine\jokengine\jokengine\release\spriteanimator.obj
c:\users\pierre-olivier\documents\jokengine\jokengine\jokengine\release\sprite.obj
c:\users\pierre-olivier\documents\jokengine\jokengine\jokengine\release\shader.obj
c:\users\pierre-olivier\documents\jokengine\jokengine\jokengine\release\resource_manager.obj
c:\users\pierre-olivier\documents\jokengine\jokengine\jokengine\release\raycastlistener.obj
c:\users\pierre-olivier\documents\jokengine\jokengine\jokengine\release\raycasthit.obj
c:\users\pierre-olivier\documents\jokengine\jokengine\jokengine\release\raycastalllistener.obj
c:\users\pierre-olivier\documents\jokengine\jokengine\jokengine\release\physicsdebug.obj
c:\users\pierre-olivier\documents\jokengine\jokengine\jokengine\release\physics.obj
c:\users\pierre-olivier\documents\jokengine\jokengine\jokengine\release\physicbody.obj
c:\users\pierre-olivier\documents\jokengine\jokengine\jokengine\release\wingsdowncommand.obj
c:\users\pierre-olivier\documents\jokengine\jokengine\release\jokeng.exe
c:\users\pierre-olivier\documents\jokengine\jokengine\release\jokeng.pdb
c:\users\pierre-olivier\documents\jokengine\jokengine\jokengine\release\jokengine.tlog\cl.command.1.tlog
c:\users\pierre-olivier\documents\jokengine\jokengine\jokengine\release\jokengine.tlog\cl.read.1.tlog
c:\users\pierre-olivier\documents\jokengine\jokengine\jokengine\release\jokengine.tlog\cl.write.1.tlog
c:\users\pierre-olivier\documents\jokengine\jokengine\jokengine\release\jokengine.tlog\link.command.1.tlog
c:\users\pierre-olivier\documents\jokengine\jokengine\jokengine\release\jokengine.tlog\link.read.1.tlog
c:\users\pierre-olivier\documents\jokengine\jokengine\jokengine\release\jokengine.tlog\link.write.1.tlog
