  WingsDownCommand.cpp
  StopWalkingCommand.cpp
  ScoreText.cpp
  ScoreBoard.cpp
  PlayerKnight.cpp
  MoveRightCommand.cpp
  MoveLeftCommand.cpp
  LeaderBoard.cpp
  Lava.cpp
  KnightAI.cpp
  Knight.cpp
  JumpCommand.cpp
  Joust.cpp
  InputHandler.cpp
  GameManager.cpp
  FadeOutHelper.cpp
  EnemyManager.cpp
  EnemyKnight.cpp
  EnemyEgg.cpp
  CharacterController.cpp
  Generating Code...
  Compiling...
  BlinkingObject.cpp
  Generating Code...
LINK : warning LNK4098: defaultlib 'LIBCMT' conflicts with use of other libs; use /NODEFAULTLIB:library
JokEngine.lib(Resource_Manager.obj) : warning LNK4049: locally defined symbol ___glewDeleteProgram imported
JokEngine.lib(Shader.obj) : warning LNK4049: locally defined symbol ___glewAttachShader imported
JokEngine.lib(Shader.obj) : warning LNK4049: locally defined symbol ___glewCompileShader imported
JokEngine.lib(Shader.obj) : warning LNK4049: locally defined symbol ___glewCreateProgram imported
JokEngine.lib(Shader.obj) : warning LNK4049: locally defined symbol ___glewCreateShader imported
JokEngine.lib(Shader.obj) : warning LNK4049: locally defined symbol ___glewDeleteShader imported
JokEngine.lib(Shader.obj) : warning LNK4049: locally defined symbol ___glewGetProgramInfoLog imported
JokEngine.lib(Shader.obj) : warning LNK4049: locally defined symbol ___glewGetProgramiv imported
JokEngine.lib(Shader.obj) : warning LNK4049: locally defined symbol ___glewGetShaderInfoLog imported
JokEngine.lib(Shader.obj) : warning LNK4049: locally defined symbol ___glewGetShaderiv imported
JokEngine.lib(Shader.obj) : warning LNK4049: locally defined symbol ___glewGetUniformLocation imported
JokEngine.lib(Shader.obj) : warning LNK4049: locally defined symbol ___glewLinkProgram imported
JokEngine.lib(Shader.obj) : warning LNK4049: locally defined symbol ___glewShaderSource imported
JokEngine.lib(Shader.obj) : warning LNK4049: locally defined symbol ___glewUniform1f imported
JokEngine.lib(Shader.obj) : warning LNK4049: locally defined symbol ___glewUniform1i imported
JokEngine.lib(Shader.obj) : warning LNK4049: locally defined symbol ___glewUniform2f imported
JokEngine.lib(Shader.obj) : warning LNK4049: locally defined symbol ___glewUniform3f imported
JokEngine.lib(Shader.obj) : warning LNK4049: locally defined symbol ___glewUniform4f imported
JokEngine.lib(Shader.obj) : warning LNK4049: locally defined symbol ___glewUniformMatrix4fv imported
JokEngine.lib(Shader.obj) : warning LNK4049: locally defined symbol ___glewUseProgram imported
JokEngine.lib(SpriteRenderer.obj) : warning LNK4049: locally defined symbol ___glewActiveTexture imported
JokEngine.lib(TextRenderer.obj) : warning LNK4049: locally defined symbol ___glewActiveTexture imported
JokEngine.lib(SpriteRenderer.obj) : warning LNK4049: locally defined symbol ___glewBindBuffer imported
JokEngine.lib(TextRenderer.obj) : warning LNK4049: locally defined symbol ___glewBindBuffer imported
JokEngine.lib(SpriteRenderer.obj) : warning LNK4049: locally defined symbol ___glewBufferData imported
JokEngine.lib(TextRenderer.obj) : warning LNK4049: locally defined symbol ___glewBufferData imported
JokEngine.lib(SpriteRenderer.obj) : warning LNK4049: locally defined symbol ___glewGenBuffers imported
JokEngine.lib(TextRenderer.obj) : warning LNK4049: locally defined symbol ___glewGenBuffers imported
JokEngine.lib(SpriteRenderer.obj) : warning LNK4049: locally defined symbol ___glewEnableVertexAttribArray imported
JokEngine.lib(TextRenderer.obj) : warning LNK4049: locally defined symbol ___glewEnableVertexAttribArray imported
JokEngine.lib(SpriteRenderer.obj) : warning LNK4049: locally defined symbol ___glewVertexAttribPointer imported
JokEngine.lib(TextRenderer.obj) : warning LNK4049: locally defined symbol ___glewVertexAttribPointer imported
JokEngine.lib(SpriteRenderer.obj) : warning LNK4049: locally defined symbol ___glewBindVertexArray imported
JokEngine.lib(TextRenderer.obj) : warning LNK4049: locally defined symbol ___glewBindVertexArray imported
JokEngine.lib(SpriteRenderer.obj) : warning LNK4049: locally defined symbol ___glewDeleteVertexArrays imported
JokEngine.lib(SpriteRenderer.obj) : warning LNK4049: locally defined symbol ___glewGenVertexArrays imported
JokEngine.lib(TextRenderer.obj) : warning LNK4049: locally defined symbol ___glewGenVertexArrays imported
JokEngine.lib(TextRenderer.obj) : warning LNK4049: locally defined symbol ___glewBufferSubData imported
freetyped.lib(autofit.obj) : warning LNK4099: PDB 'freetype27d.pdb' was not found with 'freetyped.lib(autofit.obj)' or at 'C:\Users\Pierre-Olivier\Documents\JokEngine\JokEngine\Debug\freetype27d.pdb'; linking object as if no debug info
freetyped.lib(bdf.obj) : warning LNK4099: PDB 'freetype27d.pdb' was not found with 'freetyped.lib(bdf.obj)' or at 'C:\Users\Pierre-Olivier\Documents\JokEngine\JokEngine\Debug\freetype27d.pdb'; linking object as if no debug info
freetyped.lib(cff.obj) : warning LNK4099: PDB 'freetype27d.pdb' was not found with 'freetyped.lib(cff.obj)' or at 'C:\Users\Pierre-Olivier\Documents\JokEngine\JokEngine\Debug\freetype27d.pdb'; linking object as if no debug info
freetyped.lib(ftbase.obj) : warning LNK4099: PDB 'freetype27d.pdb' was not found with 'freetyped.lib(ftbase.obj)' or at 'C:\Users\Pierre-Olivier\Documents\JokEngine\JokEngine\Debug\freetype27d.pdb'; linking object as if no debug info
freetyped.lib(ftbitmap.obj) : warning LNK4099: PDB 'freetype27d.pdb' was not found with 'freetyped.lib(ftbitmap.obj)' or at 'C:\Users\Pierre-Olivier\Documents\JokEngine\JokEngine\Debug\freetype27d.pdb'; linking object as if no debug info
freetyped.lib(ftdebug.obj) : warning LNK4099: PDB 'freetype27d.pdb' was not found with 'freetyped.lib(ftdebug.obj)' or at 'C:\Users\Pierre-Olivier\Documents\JokEngine\JokEngine\Debug\freetype27d.pdb'; linking object as if no debug info
freetyped.lib(ftgzip.obj) : warning LNK4099: PDB 'freetype27d.pdb' was not found with 'freetyped.lib(ftgzip.obj)' or at 'C:\Users\Pierre-Olivier\Documents\JokEngine\JokEngine\Debug\freetype27d.pdb'; linking object as if no debug info
freetyped.lib(ftinit.obj) : warning LNK4099: PDB 'freetype27d.pdb' was not found with 'freetyped.lib(ftinit.obj)' or at 'C:\Users\Pierre-Olivier\Documents\JokEngine\JokEngine\Debug\freetype27d.pdb'; linking object as if no debug info
freetyped.lib(ftlzw.obj) : warning LNK4099: PDB 'freetype27d.pdb' was not found with 'freetyped.lib(ftlzw.obj)' or at 'C:\Users\Pierre-Olivier\Documents\JokEngine\JokEngine\Debug\freetype27d.pdb'; linking object as if no debug info
freetyped.lib(ftsystem.obj) : warning LNK4099: PDB 'freetype27d.pdb' was not found with 'freetyped.lib(ftsystem.obj)' or at 'C:\Users\Pierre-Olivier\Documents\JokEngine\JokEngine\Debug\freetype27d.pdb'; linking object as if no debug info
freetyped.lib(smooth.obj) : warning LNK4099: PDB 'freetype27d.pdb' was not found with 'freetyped.lib(smooth.obj)' or at 'C:\Users\Pierre-Olivier\Documents\JokEngine\JokEngine\Debug\freetype27d.pdb'; linking object as if no debug info
freetyped.lib(pcf.obj) : warning LNK4099: PDB 'freetype27d.pdb' was not found with 'freetyped.lib(pcf.obj)' or at 'C:\Users\Pierre-Olivier\Documents\JokEngine\JokEngine\Debug\freetype27d.pdb'; linking object as if no debug info
freetyped.lib(pfr.obj) : warning LNK4099: PDB 'freetype27d.pdb' was not found with 'freetyped.lib(pfr.obj)' or at 'C:\Users\Pierre-Olivier\Documents\JokEngine\JokEngine\Debug\freetype27d.pdb'; linking object as if no debug info
freetyped.lib(psaux.obj) : warning LNK4099: PDB 'freetype27d.pdb' was not found with 'freetyped.lib(psaux.obj)' or at 'C:\Users\Pierre-Olivier\Documents\JokEngine\JokEngine\Debug\freetype27d.pdb'; linking object as if no debug info
freetyped.lib(pshinter.obj) : warning LNK4099: PDB 'freetype27d.pdb' was not found with 'freetyped.lib(pshinter.obj)' or at 'C:\Users\Pierre-Olivier\Documents\JokEngine\JokEngine\Debug\freetype27d.pdb'; linking object as if no debug info
freetyped.lib(psmodule.obj) : warning LNK4099: PDB 'freetype27d.pdb' was not found with 'freetyped.lib(psmodule.obj)' or at 'C:\Users\Pierre-Olivier\Documents\JokEngine\JokEngine\Debug\freetype27d.pdb'; linking object as if no debug info
freetyped.lib(raster.obj) : warning LNK4099: PDB 'freetype27d.pdb' was not found with 'freetyped.lib(raster.obj)' or at 'C:\Users\Pierre-Olivier\Documents\JokEngine\JokEngine\Debug\freetype27d.pdb'; linking object as if no debug info
freetyped.lib(sfnt.obj) : warning LNK4099: PDB 'freetype27d.pdb' was not found with 'freetyped.lib(sfnt.obj)' or at 'C:\Users\Pierre-Olivier\Documents\JokEngine\JokEngine\Debug\freetype27d.pdb'; linking object as if no debug info
freetyped.lib(truetype.obj) : warning LNK4099: PDB 'freetype27d.pdb' was not found with 'freetyped.lib(truetype.obj)' or at 'C:\Users\Pierre-Olivier\Documents\JokEngine\JokEngine\Debug\freetype27d.pdb'; linking object as if no debug info
freetyped.lib(type1.obj) : warning LNK4099: PDB 'freetype27d.pdb' was not found with 'freetyped.lib(type1.obj)' or at 'C:\Users\Pierre-Olivier\Documents\JokEngine\JokEngine\Debug\freetype27d.pdb'; linking object as if no debug info
freetyped.lib(type1cid.obj) : warning LNK4099: PDB 'freetype27d.pdb' was not found with 'freetyped.lib(type1cid.obj)' or at 'C:\Users\Pierre-Olivier\Documents\JokEngine\JokEngine\Debug\freetype27d.pdb'; linking object as if no debug info
freetyped.lib(type42.obj) : warning LNK4099: PDB 'freetype27d.pdb' was not found with 'freetyped.lib(type42.obj)' or at 'C:\Users\Pierre-Olivier\Documents\JokEngine\JokEngine\Debug\freetype27d.pdb'; linking object as if no debug info
freetyped.lib(winfnt.obj) : warning LNK4099: PDB 'freetype27d.pdb' was not found with 'freetyped.lib(winfnt.obj)' or at 'C:\Users\Pierre-Olivier\Documents\JokEngine\JokEngine\Debug\freetype27d.pdb'; linking object as if no debug info
SOIL.lib(image_DXT.obj) : warning LNK4099: PDB 'SOIL.pdb' was not found with 'SOIL.lib(image_DXT.obj)' or at 'C:\Users\Pierre-Olivier\Documents\JokEngine\JokEngine\Debug\SOIL.pdb'; linking object as if no debug info
SOIL.lib(image_helper.obj) : warning LNK4099: PDB 'SOIL.pdb' was not found with 'SOIL.lib(image_helper.obj)' or at 'C:\Users\Pierre-Olivier\Documents\JokEngine\JokEngine\Debug\SOIL.pdb'; linking object as if no debug info
SOIL.lib(SOIL.obj) : warning LNK4099: PDB 'SOIL.pdb' was not found with 'SOIL.lib(SOIL.obj)' or at 'C:\Users\Pierre-Olivier\Documents\JokEngine\JokEngine\Debug\SOIL.pdb'; linking object as if no debug info
SOIL.lib(stb_image_aug.obj) : warning LNK4099: PDB 'SOIL.pdb' was not found with 'SOIL.lib(stb_image_aug.obj)' or at 'C:\Users\Pierre-Olivier\Documents\JokEngine\JokEngine\Debug\SOIL.pdb'; linking object as if no debug info
glew32s.lib(glew.obj) : warning LNK4099: PDB 'vc120.pdb' was not found with 'glew32s.lib(glew.obj)' or at 'C:\Users\Pierre-Olivier\Documents\JokEngine\JokEngine\Debug\vc120.pdb'; linking object as if no debug info
glfw3.lib(context.obj) : warning LNK4099: PDB 'glfw.pdb' was not found with 'glfw3.lib(context.obj)' or at 'C:\Users\Pierre-Olivier\Documents\JokEngine\JokEngine\Debug\glfw.pdb'; linking object as if no debug info
glfw3.lib(init.obj) : warning LNK4099: PDB 'glfw.pdb' was not found with 'glfw3.lib(init.obj)' or at 'C:\Users\Pierre-Olivier\Documents\JokEngine\JokEngine\Debug\glfw.pdb'; linking object as if no debug info
glfw3.lib(input.obj) : warning LNK4099: PDB 'glfw.pdb' was not found with 'glfw3.lib(input.obj)' or at 'C:\Users\Pierre-Olivier\Documents\JokEngine\JokEngine\Debug\glfw.pdb'; linking object as if no debug info
glfw3.lib(monitor.obj) : warning LNK4099: PDB 'glfw.pdb' was not found with 'glfw3.lib(monitor.obj)' or at 'C:\Users\Pierre-Olivier\Documents\JokEngine\JokEngine\Debug\glfw.pdb'; linking object as if no debug info
glfw3.lib(window.obj) : warning LNK4099: PDB 'glfw.pdb' was not found with 'glfw3.lib(window.obj)' or at 'C:\Users\Pierre-Olivier\Documents\JokEngine\JokEngine\Debug\glfw.pdb'; linking object as if no debug info
glfw3.lib(win32_init.obj) : warning LNK4099: PDB 'glfw.pdb' was not found with 'glfw3.lib(win32_init.obj)' or at 'C:\Users\Pierre-Olivier\Documents\JokEngine\JokEngine\Debug\glfw.pdb'; linking object as if no debug info
glfw3.lib(win32_monitor.obj) : warning LNK4099: PDB 'glfw.pdb' was not found with 'glfw3.lib(win32_monitor.obj)' or at 'C:\Users\Pierre-Olivier\Documents\JokEngine\JokEngine\Debug\glfw.pdb'; linking object as if no debug info
glfw3.lib(win32_time.obj) : warning LNK4099: PDB 'glfw.pdb' was not found with 'glfw3.lib(win32_time.obj)' or at 'C:\Users\Pierre-Olivier\Documents\JokEngine\JokEngine\Debug\glfw.pdb'; linking object as if no debug info
glfw3.lib(win32_tls.obj) : warning LNK4099: PDB 'glfw.pdb' was not found with 'glfw3.lib(win32_tls.obj)' or at 'C:\Users\Pierre-Olivier\Documents\JokEngine\JokEngine\Debug\glfw.pdb'; linking object as if no debug info
glfw3.lib(win32_window.obj) : warning LNK4099: PDB 'glfw.pdb' was not found with 'glfw3.lib(win32_window.obj)' or at 'C:\Users\Pierre-Olivier\Documents\JokEngine\JokEngine\Debug\glfw.pdb'; linking object as if no debug info
glfw3.lib(winmm_joystick.obj) : warning LNK4099: PDB 'glfw.pdb' was not found with 'glfw3.lib(winmm_joystick.obj)' or at 'C:\Users\Pierre-Olivier\Documents\JokEngine\JokEngine\Debug\glfw.pdb'; linking object as if no debug info
glfw3.lib(wgl_context.obj) : warning LNK4099: PDB 'glfw.pdb' was not found with 'glfw3.lib(wgl_context.obj)' or at 'C:\Users\Pierre-Olivier\Documents\JokEngine\JokEngine\Debug\glfw.pdb'; linking object as if no debug info
  JoustGame.vcxproj -> C:\Users\Pierre-Olivier\Documents\JokEngine\JokEngine\Debug\JoustGame.exe
  JoustGame.vcxproj -> C:\Users\Pierre-Olivier\Documents\JokEngine\JokEngine\Debug\JoustGame.pdb (Partial PDB)
