  AudioSource.cpp
  Generating Code...
  Compiling...
  TextRenderer.cpp
  SpriteRenderer.cpp
  SpriteAnimator.cpp
  Physics.cpp
  PhysicBody.cpp
  ScoreText.cpp
  ScoreBoard.cpp
  PlayerKnight.cpp
  LeaderBoard.cpp
  KnightAI.cpp
  Knight.cpp
  Joust.cpp
  GameManager.cpp
  FadeOutHelper.cpp
  EnemyManager.cpp
  EnemyKnight.cpp
  EnemyEgg.cpp
  BlinkingObject.cpp
  GameRoom.cpp
  GameObject.cpp
  Generating Code...
  Compiling...
  Game.cpp
  ContactListener.cpp
  CircleCollider.cpp
  CharacterController.cpp
  Camera.cpp
  BoxCollider.cpp
  Generating Code...
  JokEngine.vcxproj -> C:\Users\Pierre-Olivier\Documents\JokEngine\JokEngine\Debug\Jokeng.exe
  JokEngine.vcxproj -> C:\Users\Pierre-Olivier\Documents\JokEngine\JokEngine\Debug\Jokeng.pdb (Full PDB)
