c:\users\pierre-olivier\documents\jokengine\jokengine\jokengine\debug\vc140.pdb
c:\users\pierre-olivier\documents\jokengine\jokengine\jokengine\debug\vc140.idb
c:\users\pierre-olivier\documents\jokengine\jokengine\jokengine\debug\stopwalkingcommand.obj
c:\users\pierre-olivier\documents\jokengine\jokengine\jokengine\debug\wingsdowncommand.obj
c:\users\pierre-olivier\documents\jokengine\jokengine\jokengine\debug\physiclayer.obj
c:\users\pierre-olivier\documents\jokengine\jokengine\jokengine\debug\physicbody.obj
c:\users\pierre-olivier\documents\jokengine\jokengine\jokengine\debug\physics.obj
c:\users\pierre-olivier\documents\jokengine\jokengine\jokengine\debug\physicsdebug.obj
c:\users\pierre-olivier\documents\jokengine\jokengine\jokengine\debug\raycastalllistener.obj
c:\users\pierre-olivier\documents\jokengine\jokengine\jokengine\debug\raycasthit.obj
c:\users\pierre-olivier\documents\jokengine\jokengine\jokengine\debug\raycastlistener.obj
c:\users\pierre-olivier\documents\jokengine\jokengine\jokengine\debug\resource_manager.obj
c:\users\pierre-olivier\documents\jokengine\jokengine\jokengine\debug\shader.obj
c:\users\pierre-olivier\documents\jokengine\jokengine\jokengine\debug\source.obj
c:\users\pierre-olivier\documents\jokengine\jokengine\jokengine\debug\sprite.obj
c:\users\pierre-olivier\documents\jokengine\jokengine\jokengine\debug\spriteanimator.obj
c:\users\pierre-olivier\documents\jokengine\jokengine\jokengine\debug\spritedrawable.obj
c:\users\pierre-olivier\documents\jokengine\jokengine\jokengine\debug\spriterenderer.obj
c:\users\pierre-olivier\documents\jokengine\jokengine\jokengine\debug\spritesheet.obj
c:\users\pierre-olivier\documents\jokengine\jokengine\jokengine\debug\textrenderer.obj
c:\users\pierre-olivier\documents\jokengine\jokengine\jokengine\debug\textui.obj
c:\users\pierre-olivier\documents\jokengine\jokengine\jokengine\debug\texture.obj
c:\users\pierre-olivier\documents\jokengine\jokengine\jokengine\debug\inputreader.obj
c:\users\pierre-olivier\documents\jokengine\jokengine\jokengine\debug\jobject.obj
c:\users\pierre-olivier\documents\jokengine\jokengine\jokengine\debug\blinkingobject.obj
c:\users\pierre-olivier\documents\jokengine\jokengine\jokengine\debug\enemyegg.obj
c:\users\pierre-olivier\documents\jokengine\jokengine\jokengine\debug\enemyknight.obj
c:\users\pierre-olivier\documents\jokengine\jokengine\jokengine\debug\enemymanager.obj
c:\users\pierre-olivier\documents\jokengine\jokengine\jokengine\debug\fadeouthelper.obj
c:\users\pierre-olivier\documents\jokengine\jokengine\jokengine\debug\gamemanager.obj
c:\users\pierre-olivier\documents\jokengine\jokengine\jokengine\debug\inputhandler.obj
c:\users\pierre-olivier\documents\jokengine\jokengine\jokengine\debug\joust.obj
c:\users\pierre-olivier\documents\jokengine\jokengine\jokengine\debug\jumpcommand.obj
c:\users\pierre-olivier\documents\jokengine\jokengine\jokengine\debug\knight.obj
c:\users\pierre-olivier\documents\jokengine\jokengine\jokengine\debug\knightai.obj
c:\users\pierre-olivier\documents\jokengine\jokengine\jokengine\debug\lava.obj
c:\users\pierre-olivier\documents\jokengine\jokengine\jokengine\debug\leaderboard.obj
c:\users\pierre-olivier\documents\jokengine\jokengine\jokengine\debug\moveleftcommand.obj
c:\users\pierre-olivier\documents\jokengine\jokengine\jokengine\debug\moverightcommand.obj
c:\users\pierre-olivier\documents\jokengine\jokengine\jokengine\debug\playerknight.obj
c:\users\pierre-olivier\documents\jokengine\jokengine\jokengine\debug\scoreboard.obj
c:\users\pierre-olivier\documents\jokengine\jokengine\jokengine\debug\scoretext.obj
c:\users\pierre-olivier\documents\jokengine\jokengine\jokengine\debug\animation.obj
c:\users\pierre-olivier\documents\jokengine\jokengine\jokengine\debug\animationframe.obj
c:\users\pierre-olivier\documents\jokengine\jokengine\jokengine\debug\audio.obj
c:\users\pierre-olivier\documents\jokengine\jokengine\jokengine\debug\audiofile.obj
c:\users\pierre-olivier\documents\jokengine\jokengine\jokengine\debug\audiosource.obj
c:\users\pierre-olivier\documents\jokengine\jokengine\jokengine\debug\boxcollider.obj
c:\users\pierre-olivier\documents\jokengine\jokengine\jokengine\debug\camera.obj
c:\users\pierre-olivier\documents\jokengine\jokengine\jokengine\debug\camerahandler.obj
c:\users\pierre-olivier\documents\jokengine\jokengine\jokengine\debug\charactercontroller.obj
c:\users\pierre-olivier\documents\jokengine\jokengine\jokengine\debug\circlecollider.obj
c:\users\pierre-olivier\documents\jokengine\jokengine\jokengine\debug\clock.obj
c:\users\pierre-olivier\documents\jokengine\jokengine\jokengine\debug\collider.obj
c:\users\pierre-olivier\documents\jokengine\jokengine\jokengine\debug\collision.obj
c:\users\pierre-olivier\documents\jokengine\jokengine\jokengine\debug\component.obj
c:\users\pierre-olivier\documents\jokengine\jokengine\jokengine\debug\contactlistener.obj
c:\users\pierre-olivier\documents\jokengine\jokengine\jokengine\debug\game.obj
c:\users\pierre-olivier\documents\jokengine\jokengine\jokengine\debug\gameobject.obj
c:\users\pierre-olivier\documents\jokengine\jokengine\jokengine\debug\gameroom.obj
c:\users\pierre-olivier\documents\jokengine\jokengine\jokengine\debug\inputbox.obj
c:\users\pierre-olivier\documents\jokengine\jokengine\debug\jokeng.ilk
c:\users\pierre-olivier\documents\jokengine\jokengine\debug\jokeng.exe
c:\users\pierre-olivier\documents\jokengine\jokengine\debug\jokeng.pdb
c:\users\pierre-olivier\documents\jokengine\jokengine\jokengine\debug\jokengine.tlog\cl.command.1.tlog
c:\users\pierre-olivier\documents\jokengine\jokengine\jokengine\debug\jokengine.tlog\cl.read.1.tlog
c:\users\pierre-olivier\documents\jokengine\jokengine\jokengine\debug\jokengine.tlog\cl.write.1.tlog
c:\users\pierre-olivier\documents\jokengine\jokengine\jokengine\debug\jokengine.tlog\link.command.1.tlog
c:\users\pierre-olivier\documents\jokengine\jokengine\jokengine\debug\jokengine.tlog\link.read.1.tlog
c:\users\pierre-olivier\documents\jokengine\jokengine\jokengine\debug\jokengine.tlog\link.write.1.tlog
